2022-07-15 22:47:17.338  WARN 9624 --- [main] c.a.c.n.c.NacosPropertySourceBuilder     : Ignore the empty nacos configuration and get it based on dataId[userservice] & group[DEFAULT_GROUP]
2022-07-15 22:47:17.342  WARN 9624 --- [main] c.a.c.n.c.NacosPropertySourceBuilder     : Ignore the empty nacos configuration and get it based on dataId[userservice.yml] & group[DEFAULT_GROUP]
2022-07-15 22:47:17.354 ERROR 9624 --- [main] c.a.c.n.c.NacosPropertySourceBuilder     : parse data from Nacos error,dataId:userservice-dev.yml,data:configTests:
  id: 124
  name: "ÀîËÄ"
  sex: "Å®"
  age: 17

org.yaml.snakeyaml.error.YAMLException: java.nio.charset.MalformedInputException: Input length = 1
	at org.yaml.snakeyaml.reader.StreamReader.update(StreamReader.java:218) ~[snakeyaml-1.26.jar!/:na]
	at org.yaml.snakeyaml.reader.StreamReader.ensureEnoughData(StreamReader.java:176) ~[snakeyaml-1.26.jar!/:na]
	at org.yaml.snakeyaml.reader.StreamReader.ensureEnoughData(StreamReader.java:171) ~[snakeyaml-1.26.jar!/:na]
	at org.yaml.snakeyaml.reader.StreamReader.peek(StreamReader.java:126) ~[snakeyaml-1.26.jar!/:na]
	at org.yaml.snakeyaml.scanner.ScannerImpl.scanToNextToken(ScannerImpl.java:1177) ~[snakeyaml-1.26.jar!/:na]
	at org.yaml.snakeyaml.scanner.ScannerImpl.fetchMoreTokens(ScannerImpl.java:287) ~[snakeyaml-1.26.jar!/:na]
	at org.yaml.snakeyaml.scanner.ScannerImpl.checkToken(ScannerImpl.java:227) ~[snakeyaml-1.26.jar!/:na]
	at org.yaml.snakeyaml.parser.ParserImpl$ParseImplicitDocumentStart.produce(ParserImpl.java:195) ~[snakeyaml-1.26.jar!/:na]
	at org.yaml.snakeyaml.parser.ParserImpl.peekEvent(ParserImpl.java:158) ~[snakeyaml-1.26.jar!/:na]
	at org.yaml.snakeyaml.parser.ParserImpl.checkEvent(ParserImpl.java:148) ~[snakeyaml-1.26.jar!/:na]
	at org.yaml.snakeyaml.composer.Composer.checkNode(Composer.java:82) ~[snakeyaml-1.26.jar!/:na]
	at org.yaml.snakeyaml.constructor.BaseConstructor.checkData(BaseConstructor.java:123) ~[snakeyaml-1.26.jar!/:na]
	at org.yaml.snakeyaml.Yaml$1.hasNext(Yaml.java:489) ~[snakeyaml-1.26.jar!/:na]
	at org.springframework.beans.factory.config.YamlProcessor.process(YamlProcessor.java:200) ~[spring-beans-5.2.13.RELEASE.jar!/:5.2.13.RELEASE]
	at org.springframework.beans.factory.config.YamlProcessor.process(YamlProcessor.java:164) ~[spring-beans-5.2.13.RELEASE.jar!/:5.2.13.RELEASE]
	at org.springframework.boot.env.OriginTrackedYamlLoader.load(OriginTrackedYamlLoader.java:82) ~[spring-boot-2.3.9.RELEASE.jar!/:2.3.9.RELEASE]
	at org.springframework.boot.env.YamlPropertySourceLoader.load(YamlPropertySourceLoader.java:50) ~[spring-boot-2.3.9.RELEASE.jar!/:2.3.9.RELEASE]
	at com.alibaba.cloud.nacos.parser.NacosDataParserHandler.parseNacosData(NacosDataParserHandler.java:92) ~[spring-cloud-starter-alibaba-nacos-config-2.2.6.RELEASE.jar!/:2.2.6.RELEASE]
	at com.alibaba.cloud.nacos.client.NacosPropertySourceBuilder.loadNacosData(NacosPropertySourceBuilder.java:97) ~[spring-cloud-starter-alibaba-nacos-config-2.2.6.RELEASE.jar!/:2.2.6.RELEASE]
	at com.alibaba.cloud.nacos.client.NacosPropertySourceBuilder.build(NacosPropertySourceBuilder.java:73) ~[spring-cloud-starter-alibaba-nacos-config-2.2.6.RELEASE.jar!/:2.2.6.RELEASE]
	at com.alibaba.cloud.nacos.client.NacosPropertySourceLocator.loadNacosPropertySource(NacosPropertySourceLocator.java:199) ~[spring-cloud-starter-alibaba-nacos-config-2.2.6.RELEASE.jar!/:2.2.6.RELEASE]
	at com.alibaba.cloud.nacos.client.NacosPropertySourceLocator.loadNacosDataIfPresent(NacosPropertySourceLocator.java:186) ~[spring-cloud-starter-alibaba-nacos-config-2.2.6.RELEASE.jar!/:2.2.6.RELEASE]
	at com.alibaba.cloud.nacos.client.NacosPropertySourceLocator.loadApplicationConfiguration(NacosPropertySourceLocator.java:149) ~[spring-cloud-starter-alibaba-nacos-config-2.2.6.RELEASE.jar!/:2.2.6.RELEASE]
	at com.alibaba.cloud.nacos.client.NacosPropertySourceLocator.locate(NacosPropertySourceLocator.java:103) ~[spring-cloud-starter-alibaba-nacos-config-2.2.6.RELEASE.jar!/:2.2.6.RELEASE]
	at org.springframework.cloud.bootstrap.config.PropertySourceLocator.locateCollection(PropertySourceLocator.java:52) ~[spring-cloud-context-2.2.7.RELEASE.jar!/:2.2.7.RELEASE]
	at org.springframework.cloud.bootstrap.config.PropertySourceLocator.locateCollection(PropertySourceLocator.java:47) ~[spring-cloud-context-2.2.7.RELEASE.jar!/:2.2.7.RELEASE]
	at org.springframework.cloud.bootstrap.config.PropertySourceBootstrapConfiguration.initialize(PropertySourceBootstrapConfiguration.java:98) ~[spring-cloud-context-2.2.7.RELEASE.jar!/:2.2.7.RELEASE]
	at org.springframework.boot.SpringApplication.applyInitializers(SpringApplication.java:626) ~[spring-boot-2.3.9.RELEASE.jar!/:2.3.9.RELEASE]
	at org.springframework.boot.SpringApplication.prepareContext(SpringApplication.java:370) ~[spring-boot-2.3.9.RELEASE.jar!/:2.3.9.RELEASE]
	at org.springframework.boot.SpringApplication.run(SpringApplication.java:314) ~[spring-boot-2.3.9.RELEASE.jar!/:2.3.9.RELEASE]
	at org.springframework.boot.SpringApplication.run(SpringApplication.java:1237) ~[spring-boot-2.3.9.RELEASE.jar!/:2.3.9.RELEASE]
	at org.springframework.boot.SpringApplication.run(SpringApplication.java:1226) ~[spring-boot-2.3.9.RELEASE.jar!/:2.3.9.RELEASE]
	at mao.user_service.UserServiceApplication.main(UserServiceApplication.java:12) ~[classes!/:0.0.1]
	at java.base/jdk.internal.reflect.NativeMethodAccessorImpl.invoke0(Native Method) ~[na:na]
	at java.base/jdk.internal.reflect.NativeMethodAccessorImpl.invoke(NativeMethodAccessorImpl.java:78) ~[na:na]
	at java.base/jdk.internal.reflect.DelegatingMethodAccessorImpl.invoke(DelegatingMethodAccessorImpl.java:43) ~[na:na]
	at java.base/java.lang.reflect.Method.invoke(Method.java:567) ~[na:na]
	at org.springframework.boot.loader.MainMethodRunner.run(MainMethodRunner.java:49) ~[user_service-0.0.1.jar:0.0.1]
	at org.springframework.boot.loader.Launcher.launch(Launcher.java:107) ~[user_service-0.0.1.jar:0.0.1]
	at org.springframework.boot.loader.Launcher.launch(Launcher.java:58) ~[user_service-0.0.1.jar:0.0.1]
	at org.springframework.boot.loader.JarLauncher.main(JarLauncher.java:88) ~[user_service-0.0.1.jar:0.0.1]
Caused by: java.nio.charset.MalformedInputException: Input length = 1
	at java.base/java.nio.charset.CoderResult.throwException(CoderResult.java:274) ~[na:na]
	at java.base/sun.nio.cs.StreamDecoder.implRead(StreamDecoder.java:352) ~[na:na]
	at java.base/sun.nio.cs.StreamDecoder.read(StreamDecoder.java:188) ~[na:na]
	at java.base/java.io.InputStreamReader.read(InputStreamReader.java:178) ~[na:na]
	at org.yaml.snakeyaml.reader.UnicodeReader.read(UnicodeReader.java:125) ~[snakeyaml-1.26.jar!/:na]
	at org.yaml.snakeyaml.reader.StreamReader.update(StreamReader.java:183) ~[snakeyaml-1.26.jar!/:na]
	... 40 common frames omitted

2022-07-15 22:47:17.358  INFO 9624 --- [main] b.c.PropertySourceBootstrapConfiguration : Located property source: [BootstrapPropertySource {name='bootstrapProperties-userservice-dev.yml,DEFAULT_GROUP'}, BootstrapPropertySource {name='bootstrapProperties-userservice.yml,DEFAULT_GROUP'}, BootstrapPropertySource {name='bootstrapProperties-userservice,DEFAULT_GROUP'}]
2022-07-15 22:47:17.409  INFO 9624 --- [main] mao.user_service.UserServiceApplication  : The following profiles are active: dev
2022-07-15 22:47:18.449  INFO 9624 --- [main] o.s.cloud.context.scope.GenericScope     : BeanFactory id=e565e61c-3626-3080-a0e5-75f8b2577dc3
2022-07-15 22:47:18.825  INFO 9624 --- [main] o.s.b.w.embedded.tomcat.TomcatWebServer  : Tomcat initialized with port(s): 8082 (http)
2022-07-15 22:47:18.837  INFO 9624 --- [main] o.apache.catalina.core.StandardService   : Starting service [Tomcat]
2022-07-15 22:47:18.838  INFO 9624 --- [main] org.apache.catalina.core.StandardEngine  : Starting Servlet engine: [Apache Tomcat/9.0.43]
2022-07-15 22:47:18.899  INFO 9624 --- [main] o.a.c.c.C.[Tomcat].[localhost].[/]       : Initializing Spring embedded WebApplicationContext
2022-07-15 22:47:18.899  INFO 9624 --- [main] w.s.c.ServletWebServerApplicationContext : Root WebApplicationContext: initialization completed in 1460 ms
2022-07-15 22:47:19.064  INFO 9624 --- [main] c.a.d.s.b.a.DruidDataSourceAutoConfigure : Init DruidDataSource
2022-07-15 22:47:19.276  INFO 9624 --- [main] com.alibaba.druid.pool.DruidDataSource   : {dataSource-1} inited
2022-07-15 22:47:19.381  WARN 9624 --- [main] c.n.c.sources.URLConfigurationSource     : No URLs will be polled as dynamic configuration sources.
2022-07-15 22:47:19.381  INFO 9624 --- [main] c.n.c.sources.URLConfigurationSource     : To enable URLs as dynamic configuration sources, define System property archaius.configurationSource.additionalUrls or make config.properties available on classpath.
2022-07-15 22:47:19.394  WARN 9624 --- [main] c.n.c.sources.URLConfigurationSource     : No URLs will be polled as dynamic configuration sources.
2022-07-15 22:47:19.394  INFO 9624 --- [main] c.n.c.sources.URLConfigurationSource     : To enable URLs as dynamic configuration sources, define System property archaius.configurationSource.additionalUrls or make config.properties available on classpath.
2022-07-15 22:47:19.620  INFO 9624 --- [main] o.s.s.concurrent.ThreadPoolTaskExecutor  : Initializing ExecutorService 'applicationTaskExecutor'
2022-07-15 22:47:19.936  INFO 9624 --- [main] o.s.s.c.ThreadPoolTaskScheduler          : Initializing ExecutorService 'Nacos-Watch-Task-Scheduler'
2022-07-15 22:47:20.302  INFO 9624 --- [main] com.alibaba.nacos.client.naming          : initializer namespace from System Property :null
2022-07-15 22:47:20.303  INFO 9624 --- [main] com.alibaba.nacos.client.naming          : initializer namespace from System Environment :null
2022-07-15 22:47:20.304  INFO 9624 --- [main] com.alibaba.nacos.client.naming          : initializer namespace from System Property :null
2022-07-15 22:47:20.472  INFO 9624 --- [main] o.s.b.w.embedded.tomcat.TomcatWebServer  : Tomcat started on port(s): 8082 (http) with context path ''
2022-07-15 22:47:20.478  INFO 9624 --- [main] com.alibaba.nacos.client.naming          : [BEAT] adding beat: BeatInfo{port=8082, ip='192.168.202.1', weight=1.0, serviceName='DEFAULT_GROUP@@userservice', cluster='HZ', metadata={preserved.register.source=SPRING_CLOUD}, scheduled=false, period=5000, stopped=false} to beat map.
2022-07-15 22:47:20.479  INFO 9624 --- [main] com.alibaba.nacos.client.naming          : [REGISTER-SERVICE] public registering service DEFAULT_GROUP@@userservice with instance: Instance{instanceId='null', ip='192.168.202.1', port=8082, weight=1.0, healthy=true, enabled=true, ephemeral=true, clusterName='HZ', serviceName='null', metadata={preserved.register.source=SPRING_CLOUD}}
2022-07-15 22:47:20.484  INFO 9624 --- [main] c.a.c.n.registry.NacosServiceRegistry    : nacos registry, DEFAULT_GROUP userservice 192.168.202.1:8082 register finished
2022-07-15 22:47:20.589  INFO 9624 --- [main] mao.user_service.UserServiceApplication  : Started UserServiceApplication in 4.874 seconds (JVM running for 5.42)
2022-07-15 22:47:20.594  INFO 9624 --- [main] c.a.n.client.config.impl.ClientWorker    : [fixed-localhost_8848] [subscribe] userservice+DEFAULT_GROUP
2022-07-15 22:47:20.596  INFO 9624 --- [main] c.a.nacos.client.config.impl.CacheData   : [fixed-localhost_8848] [add-listener] ok, tenant=, dataId=userservice, group=DEFAULT_GROUP, cnt=1
2022-07-15 22:47:20.602  INFO 9624 --- [main] c.a.n.client.config.impl.ClientWorker    : [fixed-localhost_8848] [subscribe] userservice-dev.yml+DEFAULT_GROUP
2022-07-15 22:47:20.602  INFO 9624 --- [main] c.a.nacos.client.config.impl.CacheData   : [fixed-localhost_8848] [add-listener] ok, tenant=, dataId=userservice-dev.yml, group=DEFAULT_GROUP, cnt=1
2022-07-15 22:47:20.602  INFO 9624 --- [main] c.a.n.client.config.impl.ClientWorker    : [fixed-localhost_8848] [subscribe] userservice.yml+DEFAULT_GROUP
2022-07-15 22:47:20.603  INFO 9624 --- [main] c.a.nacos.client.config.impl.CacheData   : [fixed-localhost_8848] [add-listener] ok, tenant=, dataId=userservice.yml, group=DEFAULT_GROUP, cnt=1
2022-07-15 22:47:21.431  INFO 9624 --- [com.alibaba.nacos.client.naming.updater] com.alibaba.nacos.client.naming          : new ips(1) service: DEFAULT_GROUP@@userservice@@HZ -> [{"instanceId":"192.168.202.1#8082#HZ#DEFAULT_GROUP@@userservice","ip":"192.168.202.1","port":8082,"weight":1.0,"healthy":true,"enabled":true,"ephemeral":true,"clusterName":"HZ","serviceName":"DEFAULT_GROUP@@userservice","metadata":{"preserved.register.source":"SPRING_CLOUD"},"ipDeleteTimeout":30000,"instanceHeartBeatInterval":5000,"instanceHeartBeatTimeOut":15000}]
2022-07-15 22:47:21.438  INFO 9624 --- [com.alibaba.nacos.client.naming.updater] com.alibaba.nacos.client.naming          : current ips:(1) service: DEFAULT_GROUP@@userservice@@HZ -> [{"instanceId":"192.168.202.1#8082#HZ#DEFAULT_GROUP@@userservice","ip":"192.168.202.1","port":8082,"weight":1.0,"healthy":true,"enabled":true,"ephemeral":true,"clusterName":"HZ","serviceName":"DEFAULT_GROUP@@userservice","metadata":{"preserved.register.source":"SPRING_CLOUD"},"ipDeleteTimeout":30000,"instanceHeartBeatInterval":5000,"instanceHeartBeatTimeOut":15000}]
2022-07-15 22:47:21.495  INFO 9624 --- [com.alibaba.nacos.naming.push.receiver] com.alibaba.nacos.client.naming          : received push data: {"type":"dom","data":"{\"hosts\":[{\"ip\":\"192.168.202.1\",\"port\":8082,\"valid\":true,\"healthy\":true,\"marked\":false,\"instanceId\":\"192.168.202.1#8082#HZ#DEFAULT_GROUP@@userservice\",\"metadata\":{\"preserved.register.source\":\"SPRING_CLOUD\"},\"enabled\":true,\"weight\":1.0,\"clusterName\":\"HZ\",\"serviceName\":\"DEFAULT_GROUP@@userservice\",\"ephemeral\":true}],\"dom\":\"DEFAULT_GROUP@@userservice\",\"name\":\"DEFAULT_GROUP@@userservice\",\"cacheMillis\":10000,\"lastRefTime\":1657896441494,\"checksum\":\"893e42166ce00e13b64fddd90f4b07c5\",\"useSpecifiedURL\":false,\"clusters\":\"HZ\",\"env\":\"\",\"metadata\":{}}","lastRefTime":10602259514200} from /192.168.202.1
